<?xml version="1.0" encoding="UTF-8"?>
<testng-results skipped="0" failed="0" total="1" passed="1">
  <reporter-output>
  </reporter-output>
  <suite name="Suite" duration-ms="18149" started-at="2016-11-21T06:43:00Z" finished-at="2016-11-21T06:43:18Z">
    <groups>
    </groups>
    <test name="Test" duration-ms="18149" started-at="2016-11-21T06:43:00Z" finished-at="2016-11-21T06:43:18Z">
      <class name="JenkinsDemo.DemoJenkinsJob">
        <test-method status="PASS" signature="testJenkins()[pri:0, instance:JenkinsDemo.DemoJenkinsJob@3ac42916]" name="testJenkins" duration-ms="18140" started-at="2016-11-21T12:13:00Z" finished-at="2016-11-21T12:13:18Z">
          <reporter-output>
          </reporter-output>
        </test-method> <!-- testJenkins -->
      </class> <!-- JenkinsDemo.DemoJenkinsJob -->
    </test> <!-- Test -->
  </suite> <!-- Suite -->
</testng-results>
